Using pre-set license
Built from '2020.3/staging' branch; Version is '2020.3.5f1 (8095aa901b9b) revision 8426922'; Using compiler version '192528614'; Build Type 'Release'
OS: 'Windows 10 Pro; OS build 19042.985; Version 2009; 64bit' Language: 'en' Physical Memory: 16273 MB
BatchMode: 1, IsHumanControllingUs: 0, StartBugReporterOnCrash: 0, Is64bit: 1, IsPro: 0

 COMMAND LINE ARGUMENTS:
C:\Program Files\Unity\Hub\Editor\2020.3.5f1\Editor\Unity.exe
-adb2
-batchMode
-noUpm
-name
AssetImportWorker0
-projectPath
C:/Users/gibbo/OneDrive/Documents/Unity/tacos-corriendo/Tacos Corriendo
-logFile
Logs/AssetImportWorker0.log
-srvPort
24073
Successfully changed project path to: C:/Users/gibbo/OneDrive/Documents/Unity/tacos-corriendo/Tacos Corriendo
C:/Users/gibbo/OneDrive/Documents/Unity/tacos-corriendo/Tacos Corriendo
Using Asset Import Pipeline V2.
Refreshing native plugins compatible for Editor in 78.82 ms, found 1 plugins.
Preloading 0 native plugins for Editor in 0.00 ms.
Initialize engine version: 2020.3.5f1 (8095aa901b9b)
[Subsystems] Discovering subsystems at path C:/Program Files/Unity/Hub/Editor/2020.3.5f1/Editor/Data/Resources/UnitySubsystems
[Subsystems] Discovering subsystems at path C:/Users/gibbo/OneDrive/Documents/Unity/tacos-corriendo/Tacos Corriendo/Assets
GfxDevice: creating device client; threaded=0
Direct3D:
    Version:  Direct3D 11.0 [level 11.1]
    Renderer: NVIDIA GeForce GTX 1070 Ti (ID=0x1b82)
    Vendor:   
    VRAM:     8079 MB
    Driver:   27.21.14.6611
Initialize mono
Mono path[0] = 'C:/Program Files/Unity/Hub/Editor/2020.3.5f1/Editor/Data/Managed'
Mono path[1] = 'C:/Program Files/Unity/Hub/Editor/2020.3.5f1/Editor/Data/MonoBleedingEdge/lib/mono/unityjit'
Mono config path = 'C:/Program Files/Unity/Hub/Editor/2020.3.5f1/Editor/Data/MonoBleedingEdge/etc'
Using monoOptions --debugger-agent=transport=dt_socket,embedding=1,server=y,suspend=n,address=127.0.0.1:56396
Begin MonoManager ReloadAssembly
Registering precompiled unity dll's ...
Register platform support module: C:/Program Files/Unity/Hub/Editor/2020.3.5f1/Editor/Data/PlaybackEngines/WindowsStandaloneSupport/UnityEditor.WindowsStandalone.Extensions.dll
Registered in 0.001756 seconds.
Native extension for WindowsStandalone target not found
Refreshing native plugins compatible for Editor in 68.10 ms, found 1 plugins.
Preloading 0 native plugins for Editor in 0.00 ms.
Mono: successfully reloaded assembly
- Completed reload, in  1.645 seconds
Platform modules already initialized, skipping
Registering precompiled user dll's ...
Registered in 0.001739 seconds.
Begin MonoManager ReloadAssembly
Native extension for WindowsStandalone target not found
Refreshing native plugins compatible for Editor in 76.15 ms, found 1 plugins.
Preloading 0 native plugins for Editor in 0.00 ms.
Mono: successfully reloaded assembly
- Completed reload, in  1.156 seconds
Platform modules already initialized, skipping
========================================================================
Worker process is ready to serve import requests
Shader 'Universal Render Pipeline/Particles/Lit': fallback shader 'Universal Render Pipeline/Particles/SimpleLit' not found
Shader 'Universal Render Pipeline/Particles/Lit': fallback shader 'Universal Render Pipeline/Particles/SimpleLit' not found
Launched and connected shader compiler UnityShaderCompiler.exe after 0.04 seconds
Refreshing native plugins compatible for Editor in 1.30 ms, found 1 plugins.
Preloading 0 native plugins for Editor in 0.00 ms.
Unloading 3525 Unused Serialized files (Serialized files now loaded: 0)
System memory in use before: 188.7 MB.
System memory in use after: 184.8 MB.

Unloading 148 unused Assets to reduce memory usage. Loaded Objects now: 3914.
Total: 5.973800 ms (FindLiveObjects: 0.357800 ms CreateObjectMapping: 0.216300 ms MarkObjects: 3.718700 ms  DeleteObjects: 1.679700 ms)

========================================================================
Received Import Request.
  path: Assets/Graphics/Textures/Truck1Rough.png
  artifactKey: Guid(9ce6e332747d5d748a5282393f1c70fa) Importer(815301076,1909f56bfc062723c751e8b465ee728b)
Start importing Assets/Graphics/Textures/Truck1Rough.png using Guid(9ce6e332747d5d748a5282393f1c70fa) Importer(815301076,1909f56bfc062723c751e8b465ee728b)  -> (artifact id: 'bbca8f9de2ea475403c948fb565206af') in 0.166771 seconds
  Import took 0.171765 seconds .

========================================================================
Received Import Request.
  Time since last request: 0.000184 seconds.
  path: Assets/Graphics/Textures/TruckNormal.png
  artifactKey: Guid(8758309c2b04d8044bdae674004b39a6) Importer(815301076,1909f56bfc062723c751e8b465ee728b)
Start importing Assets/Graphics/Textures/TruckNormal.png using Guid(8758309c2b04d8044bdae674004b39a6) Importer(815301076,1909f56bfc062723c751e8b465ee728b)  -> (artifact id: '2cd898e4c174727c52913b63cef4717b') in 0.035899 seconds
  Import took 0.040821 seconds .

========================================================================
Received Import Request.
  Time since last request: 0.000289 seconds.
  path: Assets/Graphics/Textures/Roads/Road.png
  artifactKey: Guid(21b5b6639422e2043b02e2021aa71b82) Importer(815301076,1909f56bfc062723c751e8b465ee728b)
Start importing Assets/Graphics/Textures/Roads/Road.png using Guid(21b5b6639422e2043b02e2021aa71b82) Importer(815301076,1909f56bfc062723c751e8b465ee728b)  -> (artifact id: 'feb7197abc0131591748ef711ebe2469') in 0.011065 seconds
  Import took 0.020132 seconds .

========================================================================
Received Import Request.
  Time since last request: 0.000228 seconds.
  path: Assets/Graphics/Textures/Roads/CornerRough (1).png
  artifactKey: Guid(5cd1bdae290dfcc48a3325905e620244) Importer(815301076,1909f56bfc062723c751e8b465ee728b)
Start importing Assets/Graphics/Textures/Roads/CornerRough (1).png using Guid(5cd1bdae290dfcc48a3325905e620244) Importer(815301076,1909f56bfc062723c751e8b465ee728b)  -> (artifact id: '4e928b6355ab7af581430f62b2e67961') in 0.022149 seconds
  Import took 0.038467 seconds .

========================================================================
Received Import Request.
  Time since last request: 0.000218 seconds.
  path: Assets/Graphics/Textures/Roads/Corner.png
  artifactKey: Guid(fd98f700d6faad3459246492b62b7b31) Importer(815301076,1909f56bfc062723c751e8b465ee728b)
Start importing Assets/Graphics/Textures/Roads/Corner.png using Guid(fd98f700d6faad3459246492b62b7b31) Importer(815301076,1909f56bfc062723c751e8b465ee728b)  -> (artifact id: '86a9262c38c66059d4c804d8f4dcfe53') in 0.027166 seconds
  Import took 0.036814 seconds .

========================================================================
Received Import Request.
  Time since last request: 0.000194 seconds.
  path: Assets/Graphics/Textures/Roads/RoadRoughness.png
  artifactKey: Guid(8c58b761715289f4ea0a2d0d1f855e7a) Importer(815301076,1909f56bfc062723c751e8b465ee728b)
Start importing Assets/Graphics/Textures/Roads/RoadRoughness.png using Guid(8c58b761715289f4ea0a2d0d1f855e7a) Importer(815301076,1909f56bfc062723c751e8b465ee728b)  -> (artifact id: 'd1e188b956bbc82a4fe419ba69385bd4') in 0.024856 seconds
  Import took 0.033208 seconds .

========================================================================
Received Import Request.
  Time since last request: 0.000204 seconds.
  path: Assets/Graphics/Textures/Truck1.png
  artifactKey: Guid(c9df0c7f8690de6448c92baa3ac3a551) Importer(815301076,1909f56bfc062723c751e8b465ee728b)
Start importing Assets/Graphics/Textures/Truck1.png using Guid(c9df0c7f8690de6448c92baa3ac3a551) Importer(815301076,1909f56bfc062723c751e8b465ee728b)  -> (artifact id: 'b94309cc380bd1313aeaed07822e466b') in 0.025278 seconds
  Import took 0.048913 seconds .

========================================================================
Received Import Request.
  Time since last request: 0.000196 seconds.
  path: Assets/Graphics/Textures/Roads/RoadNormal (1).png
  artifactKey: Guid(38e343ef04ce93f4d94965ef1d604af0) Importer(815301076,1909f56bfc062723c751e8b465ee728b)
Start importing Assets/Graphics/Textures/Roads/RoadNormal (1).png using Guid(38e343ef04ce93f4d94965ef1d604af0) Importer(815301076,1909f56bfc062723c751e8b465ee728b)  -> (artifact id: '53583a1cd1fa7f41ff73e04ca7f8e56d') in 0.025327 seconds
  Import took 0.041363 seconds .

========================================================================
Received Import Request.
  Time since last request: 0.000246 seconds.
  path: Assets/Graphics/Textures/Truck.mat
  artifactKey: Guid(fe0035768435b23429c9449267327d3d) Importer(815301076,1909f56bfc062723c751e8b465ee728b)
Start importing Assets/Graphics/Textures/Truck.mat using Guid(fe0035768435b23429c9449267327d3d) Importer(815301076,1909f56bfc062723c751e8b465ee728b)  -> (artifact id: '739eb3f6c3ba7f925d130ed2ea9d9799') in 0.041591 seconds
  Import took 0.049217 seconds .

========================================================================
Received Import Request.
  Time since last request: 0.000207 seconds.
  path: Assets/Graphics/Textures/Roads/CornerNormal (1).png
  artifactKey: Guid(21b16aee58b5e4748949bf7c8e318124) Importer(815301076,1909f56bfc062723c751e8b465ee728b)
Start importing Assets/Graphics/Textures/Roads/CornerNormal (1).png using Guid(21b16aee58b5e4748949bf7c8e318124) Importer(815301076,1909f56bfc062723c751e8b465ee728b)  -> (artifact id: 'a4d0f4b6b8eae56fc3201930428f00c0') in 0.009085 seconds
  Import took 0.015476 seconds .

========================================================================
Received Import Request.
  Time since last request: 0.000217 seconds.
  path: Assets/Graphics/Textures/lensDirt15.png
  artifactKey: Guid(add989b458f922840816822290a37e17) Importer(815301076,1909f56bfc062723c751e8b465ee728b)
Start importing Assets/Graphics/Textures/lensDirt15.png using Guid(add989b458f922840816822290a37e17) Importer(815301076,1909f56bfc062723c751e8b465ee728b)  -> (artifact id: 'ef203cbedaa75aaee67659cfae907c39') in 0.010790 seconds
  Import took 0.018850 seconds .

========================================================================
Received Import Request.
  Time since last request: 94.527882 seconds.
  path: Assets/Graphics/Textures/Roads/RoadRoughness.png
  artifactKey: Guid(8c58b761715289f4ea0a2d0d1f855e7a) Importer(815301076,1909f56bfc062723c751e8b465ee728b)
Start importing Assets/Graphics/Textures/Roads/RoadRoughness.png using Guid(8c58b761715289f4ea0a2d0d1f855e7a) Importer(815301076,1909f56bfc062723c751e8b465ee728b)  -> (artifact id: '3a31f4be447d032acaac51ba97e0e579') in 0.031492 seconds
  Import took 0.043595 seconds .

========================================================================
Received Import Request.
  Time since last request: 0.096036 seconds.
  path: Assets/Graphics/Textures/Roads/RoadRoughness.png
  artifactKey: Guid(8c58b761715289f4ea0a2d0d1f855e7a) Importer(815301076,1909f56bfc062723c751e8b465ee728b)
Start importing Assets/Graphics/Textures/Roads/RoadRoughness.png using Guid(8c58b761715289f4ea0a2d0d1f855e7a) Importer(815301076,1909f56bfc062723c751e8b465ee728b)  -> (artifact id: '3a31f4be447d032acaac51ba97e0e579') in 0.012404 seconds
  Import took 0.021186 seconds .

========================================================================
Received Prepare
Registering precompiled user dll's ...
Registered in 0.001746 seconds.
Begin MonoManager ReloadAssembly
Native extension for WindowsStandalone target not found
Refreshing native plugins compatible for Editor in 1.16 ms, found 1 plugins.
Preloading 0 native plugins for Editor in 0.00 ms.
Warning: Annotation not found!
UnityEngine.StackTraceUtility:ExtractStackTrace ()
UnityEditor.ProBuilder.EditorUtility:SetGizmoIconEnabled (System.Type,bool) (at Library/PackageCache/com.unity.probuilder@4.5.0/Editor/EditorCore/EditorUtility.cs:593)
UnityEditor.ProBuilder.HierarchyListener:.cctor () (at Library/PackageCache/com.unity.probuilder@4.5.0/Editor/EditorCore/HierarchyListener.cs:21)
System.Runtime.CompilerServices.RuntimeHelpers:RunClassConstructor (System.RuntimeTypeHandle)
UnityEditor.EditorAssemblies:ProcessInitializeOnLoadAttributes (System.Type[])

[Library/PackageCache/com.unity.probuilder@4.5.0/Editor/EditorCore/EditorUtility.cs line 593]

Mono: successfully reloaded assembly
- Completed reload, in  1.439 seconds
Platform modules already initialized, skipping
Shader 'Universal Render Pipeline/Particles/Lit': fallback shader 'Universal Render Pipeline/Particles/SimpleLit' not found
Shader 'Universal Render Pipeline/Particles/Lit': fallback shader 'Universal Render Pipeline/Particles/SimpleLit' not found
Refreshing native plugins compatible for Editor in 1.71 ms, found 1 plugins.
Preloading 0 native plugins for Editor in 0.00 ms.
Unloading 3251 Unused Serialized files (Serialized files now loaded: 0)
System memory in use before: 165.7 MB.
System memory in use after: 161.7 MB.

Unloading 62 unused Assets to reduce memory usage. Loaded Objects now: 3962.
Total: 9.017600 ms (FindLiveObjects: 1.948200 ms CreateObjectMapping: 1.567300 ms MarkObjects: 3.484300 ms  DeleteObjects: 2.015700 ms)

========================================================================
Received Import Request.
  Time since last request: 201.837630 seconds.
  path: Assets/Graphics/Textures/Roads/Road.png
  artifactKey: Guid(21b5b6639422e2043b02e2021aa71b82) Importer(815301076,1909f56bfc062723c751e8b465ee728b)
Start importing Assets/Graphics/Textures/Roads/Road.png using Guid(21b5b6639422e2043b02e2021aa71b82) Importer(815301076,1909f56bfc062723c751e8b465ee728b)  -> (artifact id: '4ee03b05519bc096ad43a68349c6dd8f') in 0.039758 seconds
  Import took 0.047050 seconds .

========================================================================
Received Import Request.
  Time since last request: 0.082428 seconds.
  path: Assets/Graphics/Textures/Roads/Road.png
  artifactKey: Guid(21b5b6639422e2043b02e2021aa71b82) Importer(815301076,1909f56bfc062723c751e8b465ee728b)
Start importing Assets/Graphics/Textures/Roads/Road.png using Guid(21b5b6639422e2043b02e2021aa71b82) Importer(815301076,1909f56bfc062723c751e8b465ee728b)  -> (artifact id: '4ee03b05519bc096ad43a68349c6dd8f') in 0.022045 seconds
  Import took 0.029125 seconds .

========================================================================
Received Prepare
Registering precompiled user dll's ...
Registered in 0.001930 seconds.
Begin MonoManager ReloadAssembly
Native extension for WindowsStandalone target not found
Refreshing native plugins compatible for Editor in 0.80 ms, found 1 plugins.
Preloading 0 native plugins for Editor in 0.00 ms.
Warning: Annotation not found!
UnityEngine.StackTraceUtility:ExtractStackTrace ()
UnityEditor.ProBuilder.EditorUtility:SetGizmoIconEnabled (System.Type,bool) (at Library/PackageCache/com.unity.probuilder@4.5.0/Editor/EditorCore/EditorUtility.cs:593)
UnityEditor.ProBuilder.HierarchyListener:.cctor () (at Library/PackageCache/com.unity.probuilder@4.5.0/Editor/EditorCore/HierarchyListener.cs:21)
System.Runtime.CompilerServices.RuntimeHelpers:RunClassConstructor (System.RuntimeTypeHandle)
UnityEditor.EditorAssemblies:ProcessInitializeOnLoadAttributes (System.Type[])

[Library/PackageCache/com.unity.probuilder@4.5.0/Editor/EditorCore/EditorUtility.cs line 593]

Mono: successfully reloaded assembly
- Completed reload, in  1.409 seconds
Platform modules already initialized, skipping
Shader 'Universal Render Pipeline/Particles/Lit': fallback shader 'Universal Render Pipeline/Particles/SimpleLit' not found
Shader 'Universal Render Pipeline/Particles/Lit': fallback shader 'Universal Render Pipeline/Particles/SimpleLit' not found
Refreshing native plugins compatible for Editor in 0.71 ms, found 1 plugins.
Preloading 0 native plugins for Editor in 0.00 ms.
Unloading 3251 Unused Serialized files (Serialized files now loaded: 0)
System memory in use before: 165.7 MB.
System memory in use after: 161.8 MB.

Unloading 62 unused Assets to reduce memory usage. Loaded Objects now: 3965.
Total: 14.530700 ms (FindLiveObjects: 0.753200 ms CreateObjectMapping: 0.361600 ms MarkObjects: 5.159000 ms  DeleteObjects: 8.254700 ms)

========================================================================
Received Prepare
Registering precompiled user dll's ...
Registered in 0.001861 seconds.
Begin MonoManager ReloadAssembly
Native extension for WindowsStandalone target not found
Refreshing native plugins compatible for Editor in 1.00 ms, found 1 plugins.
Preloading 0 native plugins for Editor in 0.00 ms.
Warning: Annotation not found!
UnityEngine.StackTraceUtility:ExtractStackTrace ()
UnityEditor.ProBuilder.EditorUtility:SetGizmoIconEnabled (System.Type,bool) (at Library/PackageCache/com.unity.probuilder@4.5.0/Editor/EditorCore/EditorUtility.cs:593)
UnityEditor.ProBuilder.HierarchyListener:.cctor () (at Library/PackageCache/com.unity.probuilder@4.5.0/Editor/EditorCore/HierarchyListener.cs:21)
System.Runtime.CompilerServices.RuntimeHelpers:RunClassConstructor (System.RuntimeTypeHandle)
UnityEditor.EditorAssemblies:ProcessInitializeOnLoadAttributes (System.Type[])

[Library/PackageCache/com.unity.probuilder@4.5.0/Editor/EditorCore/EditorUtility.cs line 593]

Mono: successfully reloaded assembly
- Completed reload, in  1.181 seconds
Platform modules already initialized, skipping
Shader 'Universal Render Pipeline/Particles/Lit': fallback shader 'Universal Render Pipeline/Particles/SimpleLit' not found
Shader 'Universal Render Pipeline/Particles/Lit': fallback shader 'Universal Render Pipeline/Particles/SimpleLit' not found
Refreshing native plugins compatible for Editor in 1.09 ms, found 1 plugins.
Preloading 0 native plugins for Editor in 0.00 ms.
Unloading 3251 Unused Serialized files (Serialized files now loaded: 0)
System memory in use before: 165.8 MB.
System memory in use after: 161.8 MB.

Unloading 62 unused Assets to reduce memory usage. Loaded Objects now: 3968.
Total: 15.356200 ms (FindLiveObjects: 0.624400 ms CreateObjectMapping: 0.319600 ms MarkObjects: 11.042100 ms  DeleteObjects: 3.367200 ms)

========================================================================
Received Import Request.
  Time since last request: 2381.450795 seconds.
  path: Assets/Scripts/Chunks/Chunk.cs
  artifactKey: Guid(a123a3af8c721a04ba1dc2723dc9ef17) Importer(815301076,1909f56bfc062723c751e8b465ee728b)
Start importing Assets/Scripts/Chunks/Chunk.cs using Guid(a123a3af8c721a04ba1dc2723dc9ef17) Importer(815301076,1909f56bfc062723c751e8b465ee728b)  -> (artifact id: 'a4dbdfeef51ce1801d231622b120a0f1') in 0.025118 seconds
  Import took 0.034108 seconds .

========================================================================
Received Import Request.
  Time since last request: 0.003769 seconds.
  path: Assets/Scripts/Chunks/Chunk.cs
  artifactKey: Guid(a123a3af8c721a04ba1dc2723dc9ef17) Importer(815301076,1909f56bfc062723c751e8b465ee728b)
Start importing Assets/Scripts/Chunks/Chunk.cs using Guid(a123a3af8c721a04ba1dc2723dc9ef17) Importer(815301076,1909f56bfc062723c751e8b465ee728b)  -> (artifact id: 'a4dbdfeef51ce1801d231622b120a0f1') in 0.003010 seconds
  Import took 0.009228 seconds .

========================================================================
Received Import Request.
  Time since last request: 14.270231 seconds.
  path: Assets/Scripts/WorldGen/ChunkGenerator.cs
  artifactKey: Guid(0681240d704d8aa4c88e4f0192ed6a26) Importer(815301076,1909f56bfc062723c751e8b465ee728b)
Start importing Assets/Scripts/WorldGen/ChunkGenerator.cs using Guid(0681240d704d8aa4c88e4f0192ed6a26) Importer(815301076,1909f56bfc062723c751e8b465ee728b)  -> (artifact id: '002d5dea0b4a2e429321cd330556293f') in 0.016116 seconds
  Import took 0.026850 seconds .

========================================================================
Received Import Request.
  Time since last request: 0.001826 seconds.
  path: Assets/Scripts/WorldGen/ChunkGenerator.cs
  artifactKey: Guid(0681240d704d8aa4c88e4f0192ed6a26) Importer(815301076,1909f56bfc062723c751e8b465ee728b)
Start importing Assets/Scripts/WorldGen/ChunkGenerator.cs using Guid(0681240d704d8aa4c88e4f0192ed6a26) Importer(815301076,1909f56bfc062723c751e8b465ee728b)  -> (artifact id: '002d5dea0b4a2e429321cd330556293f') in 0.004092 seconds
  Import took 0.013862 seconds .

========================================================================
Received Prepare
Registering precompiled user dll's ...
Registered in 0.002507 seconds.
Begin MonoManager ReloadAssembly
Native extension for WindowsStandalone target not found
Refreshing native plugins compatible for Editor in 1.04 ms, found 1 plugins.
Preloading 0 native plugins for Editor in 0.00 ms.
Warning: Annotation not found!
UnityEngine.StackTraceUtility:ExtractStackTrace ()
UnityEditor.ProBuilder.EditorUtility:SetGizmoIconEnabled (System.Type,bool) (at Library/PackageCache/com.unity.probuilder@4.5.0/Editor/EditorCore/EditorUtility.cs:593)
UnityEditor.ProBuilder.HierarchyListener:.cctor () (at Library/PackageCache/com.unity.probuilder@4.5.0/Editor/EditorCore/HierarchyListener.cs:21)
System.Runtime.CompilerServices.RuntimeHelpers:RunClassConstructor (System.RuntimeTypeHandle)
UnityEditor.EditorAssemblies:ProcessInitializeOnLoadAttributes (System.Type[])

[Library/PackageCache/com.unity.probuilder@4.5.0/Editor/EditorCore/EditorUtility.cs line 593]

Mono: successfully reloaded assembly
- Completed reload, in  1.337 seconds
Platform modules already initialized, skipping
Shader 'Universal Render Pipeline/Particles/Lit': fallback shader 'Universal Render Pipeline/Particles/SimpleLit' not found
Shader 'Universal Render Pipeline/Particles/Lit': fallback shader 'Universal Render Pipeline/Particles/SimpleLit' not found
Refreshing native plugins compatible for Editor in 0.65 ms, found 1 plugins.
Preloading 0 native plugins for Editor in 0.00 ms.
Unloading 3251 Unused Serialized files (Serialized files now loaded: 0)
System memory in use before: 165.7 MB.
System memory in use after: 161.8 MB.

Unloading 62 unused Assets to reduce memory usage. Loaded Objects now: 3971.
Total: 7.869300 ms (FindLiveObjects: 0.529700 ms CreateObjectMapping: 0.252000 ms MarkObjects: 1.918100 ms  DeleteObjects: 5.167900 ms)

========================================================================
Received Import Request.
  Time since last request: 92.258466 seconds.
  path: Assets/Scripts/Chunks/Chunk.cs
  artifactKey: Guid(a123a3af8c721a04ba1dc2723dc9ef17) Importer(815301076,1909f56bfc062723c751e8b465ee728b)
Start importing Assets/Scripts/Chunks/Chunk.cs using Guid(a123a3af8c721a04ba1dc2723dc9ef17) Importer(815301076,1909f56bfc062723c751e8b465ee728b)  -> (artifact id: 'f4a834c99f6ec1163802c4b4691d057a') in 0.010579 seconds
  Import took 0.032144 seconds .

========================================================================
Received Import Request.
  Time since last request: 0.039304 seconds.
  path: Assets/Scripts/Chunks/Chunk.cs
  artifactKey: Guid(a123a3af8c721a04ba1dc2723dc9ef17) Importer(815301076,1909f56bfc062723c751e8b465ee728b)
Start importing Assets/Scripts/Chunks/Chunk.cs using Guid(a123a3af8c721a04ba1dc2723dc9ef17) Importer(815301076,1909f56bfc062723c751e8b465ee728b)  -> (artifact id: 'f4a834c99f6ec1163802c4b4691d057a') in 0.003564 seconds
  Import took 0.049267 seconds .

========================================================================
Received Import Request.
  Time since last request: 2.425613 seconds.
  path: Assets/Scripts/Chunks/ChunkCollider.cs
  artifactKey: Guid(bc5860d356beeea4bb787e04e5601798) Importer(815301076,1909f56bfc062723c751e8b465ee728b)
Start importing Assets/Scripts/Chunks/ChunkCollider.cs using Guid(bc5860d356beeea4bb787e04e5601798) Importer(815301076,1909f56bfc062723c751e8b465ee728b)  -> (artifact id: '702e88108274286bdb096d88f26bb7b1') in 0.013940 seconds
  Import took 0.022822 seconds .

========================================================================
Received Import Request.
  Time since last request: 0.000692 seconds.
  path: Assets/Scripts/Chunks/ChunkCollider.cs
  artifactKey: Guid(bc5860d356beeea4bb787e04e5601798) Importer(815301076,1909f56bfc062723c751e8b465ee728b)
Start importing Assets/Scripts/Chunks/ChunkCollider.cs using Guid(bc5860d356beeea4bb787e04e5601798) Importer(815301076,1909f56bfc062723c751e8b465ee728b)  -> (artifact id: '702e88108274286bdb096d88f26bb7b1') in 0.004472 seconds
  Import took 0.012837 seconds .

========================================================================
Received Prepare
Registering precompiled user dll's ...
Registered in 0.002172 seconds.
Begin MonoManager ReloadAssembly
Native extension for WindowsStandalone target not found
Refreshing native plugins compatible for Editor in 0.62 ms, found 1 plugins.
Preloading 0 native plugins for Editor in 0.00 ms.
Warning: Annotation not found!
UnityEngine.StackTraceUtility:ExtractStackTrace ()
UnityEditor.ProBuilder.EditorUtility:SetGizmoIconEnabled (System.Type,bool) (at Library/PackageCache/com.unity.probuilder@4.5.0/Editor/EditorCore/EditorUtility.cs:593)
UnityEditor.ProBuilder.HierarchyListener:.cctor () (at Library/PackageCache/com.unity.probuilder@4.5.0/Editor/EditorCore/HierarchyListener.cs:21)
System.Runtime.CompilerServices.RuntimeHelpers:RunClassConstructor (System.RuntimeTypeHandle)
UnityEditor.EditorAssemblies:ProcessInitializeOnLoadAttributes (System.Type[])

[Library/PackageCache/com.unity.probuilder@4.5.0/Editor/EditorCore/EditorUtility.cs line 593]

Mono: successfully reloaded assembly
- Completed reload, in  1.418 seconds
Platform modules already initialized, skipping
Shader 'Universal Render Pipeline/Particles/Lit': fallback shader 'Universal Render Pipeline/Particles/SimpleLit' not found
Shader 'Universal Render Pipeline/Particles/Lit': fallback shader 'Universal Render Pipeline/Particles/SimpleLit' not found
Refreshing native plugins compatible for Editor in 0.64 ms, found 1 plugins.
Preloading 0 native plugins for Editor in 0.00 ms.
Unloading 3251 Unused Serialized files (Serialized files now loaded: 0)
System memory in use before: 165.7 MB.
System memory in use after: 161.9 MB.

Unloading 62 unused Assets to reduce memory usage. Loaded Objects now: 3974.
Total: 5.409800 ms (FindLiveObjects: 0.681900 ms CreateObjectMapping: 0.418500 ms MarkObjects: 2.411400 ms  DeleteObjects: 1.895600 ms)

========================================================================
Received Prepare
Registering precompiled user dll's ...
Registered in 0.003057 seconds.
Begin MonoManager ReloadAssembly
Native extension for WindowsStandalone target not found
Refreshing native plugins compatible for Editor in 0.70 ms, found 1 plugins.
Preloading 0 native plugins for Editor in 0.00 ms.
Warning: Annotation not found!
UnityEngine.StackTraceUtility:ExtractStackTrace ()
UnityEditor.ProBuilder.EditorUtility:SetGizmoIconEnabled (System.Type,bool) (at Library/PackageCache/com.unity.probuilder@4.5.0/Editor/EditorCore/EditorUtility.cs:593)
UnityEditor.ProBuilder.HierarchyListener:.cctor () (at Library/PackageCache/com.unity.probuilder@4.5.0/Editor/EditorCore/HierarchyListener.cs:21)
System.Runtime.CompilerServices.RuntimeHelpers:RunClassConstructor (System.RuntimeTypeHandle)
UnityEditor.EditorAssemblies:ProcessInitializeOnLoadAttributes (System.Type[])

[Library/PackageCache/com.unity.probuilder@4.5.0/Editor/EditorCore/EditorUtility.cs line 593]

Mono: successfully reloaded assembly
- Completed reload, in  1.348 seconds
Platform modules already initialized, skipping
Shader 'Universal Render Pipeline/Particles/Lit': fallback shader 'Universal Render Pipeline/Particles/SimpleLit' not found
Shader 'Universal Render Pipeline/Particles/Lit': fallback shader 'Universal Render Pipeline/Particles/SimpleLit' not found
Refreshing native plugins compatible for Editor in 1.20 ms, found 1 plugins.
Preloading 0 native plugins for Editor in 0.00 ms.
Unloading 3251 Unused Serialized files (Serialized files now loaded: 0)
System memory in use before: 165.8 MB.
System memory in use after: 161.9 MB.

Unloading 62 unused Assets to reduce memory usage. Loaded Objects now: 3977.
Total: 8.026200 ms (FindLiveObjects: 0.459900 ms CreateObjectMapping: 0.169600 ms MarkObjects: 4.350500 ms  DeleteObjects: 3.040700 ms)

========================================================================
Received Prepare
Registering precompiled user dll's ...
Registered in 0.002715 seconds.
Begin MonoManager ReloadAssembly
Native extension for WindowsStandalone target not found
Refreshing native plugins compatible for Editor in 0.58 ms, found 1 plugins.
Preloading 0 native plugins for Editor in 0.00 ms.
Warning: Annotation not found!
UnityEngine.StackTraceUtility:ExtractStackTrace ()
UnityEditor.ProBuilder.EditorUtility:SetGizmoIconEnabled (System.Type,bool) (at Library/PackageCache/com.unity.probuilder@4.5.0/Editor/EditorCore/EditorUtility.cs:593)
UnityEditor.ProBuilder.HierarchyListener:.cctor () (at Library/PackageCache/com.unity.probuilder@4.5.0/Editor/EditorCore/HierarchyListener.cs:21)
System.Runtime.CompilerServices.RuntimeHelpers:RunClassConstructor (System.RuntimeTypeHandle)
UnityEditor.EditorAssemblies:ProcessInitializeOnLoadAttributes (System.Type[])

[Library/PackageCache/com.unity.probuilder@4.5.0/Editor/EditorCore/EditorUtility.cs line 593]

Mono: successfully reloaded assembly
- Completed reload, in  1.440 seconds
Platform modules already initialized, skipping
Shader 'Universal Render Pipeline/Particles/Lit': fallback shader 'Universal Render Pipeline/Particles/SimpleLit' not found
Shader 'Universal Render Pipeline/Particles/Lit': fallback shader 'Universal Render Pipeline/Particles/SimpleLit' not found
Refreshing native plugins compatible for Editor in 0.90 ms, found 1 plugins.
Preloading 0 native plugins for Editor in 0.00 ms.
Unloading 3251 Unused Serialized files (Serialized files now loaded: 0)
System memory in use before: 165.8 MB.
System memory in use after: 161.9 MB.

Unloading 62 unused Assets to reduce memory usage. Loaded Objects now: 3980.
Total: 6.938400 ms (FindLiveObjects: 0.538400 ms CreateObjectMapping: 0.285300 ms MarkObjects: 3.401100 ms  DeleteObjects: 2.712200 ms)

========================================================================
Received Prepare
Registering precompiled user dll's ...
Registered in 0.001774 seconds.
Begin MonoManager ReloadAssembly
Native extension for WindowsStandalone target not found
Refreshing native plugins compatible for Editor in 1.29 ms, found 1 plugins.
Preloading 0 native plugins for Editor in 0.00 ms.
Warning: Annotation not found!
UnityEngine.StackTraceUtility:ExtractStackTrace ()
UnityEditor.ProBuilder.EditorUtility:SetGizmoIconEnabled (System.Type,bool) (at Library/PackageCache/com.unity.probuilder@4.5.0/Editor/EditorCore/EditorUtility.cs:593)
UnityEditor.ProBuilder.HierarchyListener:.cctor () (at Library/PackageCache/com.unity.probuilder@4.5.0/Editor/EditorCore/HierarchyListener.cs:21)
System.Runtime.CompilerServices.RuntimeHelpers:RunClassConstructor (System.RuntimeTypeHandle)
UnityEditor.EditorAssemblies:ProcessInitializeOnLoadAttributes (System.Type[])

[Library/PackageCache/com.unity.probuilder@4.5.0/Editor/EditorCore/EditorUtility.cs line 593]

Mono: successfully reloaded assembly
- Completed reload, in  1.395 seconds
Platform modules already initialized, skipping
Shader 'Universal Render Pipeline/Particles/Lit': fallback shader 'Universal Render Pipeline/Particles/SimpleLit' not found
Shader 'Universal Render Pipeline/Particles/Lit': fallback shader 'Universal Render Pipeline/Particles/SimpleLit' not found
Refreshing native plugins compatible for Editor in 0.60 ms, found 1 plugins.
Preloading 0 native plugins for Editor in 0.00 ms.
Unloading 3251 Unused Serialized files (Serialized files now loaded: 0)
System memory in use before: 165.8 MB.
System memory in use after: 161.9 MB.

Unloading 62 unused Assets to reduce memory usage. Loaded Objects now: 3983.
Total: 10.611400 ms (FindLiveObjects: 0.374100 ms CreateObjectMapping: 0.236800 ms MarkObjects: 2.898900 ms  DeleteObjects: 7.098500 ms)

========================================================================
Received Prepare
Registering precompiled user dll's ...
Registered in 0.001821 seconds.
Begin MonoManager ReloadAssembly
Native extension for WindowsStandalone target not found
Refreshing native plugins compatible for Editor in 0.57 ms, found 1 plugins.
Preloading 0 native plugins for Editor in 0.00 ms.
Warning: Annotation not found!
UnityEngine.StackTraceUtility:ExtractStackTrace ()
UnityEditor.ProBuilder.EditorUtility:SetGizmoIconEnabled (System.Type,bool) (at Library/PackageCache/com.unity.probuilder@4.5.0/Editor/EditorCore/EditorUtility.cs:593)
UnityEditor.ProBuilder.HierarchyListener:.cctor () (at Library/PackageCache/com.unity.probuilder@4.5.0/Editor/EditorCore/HierarchyListener.cs:21)
System.Runtime.CompilerServices.RuntimeHelpers:RunClassConstructor (System.RuntimeTypeHandle)
UnityEditor.EditorAssemblies:ProcessInitializeOnLoadAttributes (System.Type[])

[Library/PackageCache/com.unity.probuilder@4.5.0/Editor/EditorCore/EditorUtility.cs line 593]

Mono: successfully reloaded assembly
- Completed reload, in  1.051 seconds
Platform modules already initialized, skipping
Shader 'Universal Render Pipeline/Particles/Lit': fallback shader 'Universal Render Pipeline/Particles/SimpleLit' not found
Shader 'Universal Render Pipeline/Particles/Lit': fallback shader 'Universal Render Pipeline/Particles/SimpleLit' not found
Refreshing native plugins compatible for Editor in 0.72 ms, found 1 plugins.
Preloading 0 native plugins for Editor in 0.00 ms.
Unloading 3251 Unused Serialized files (Serialized files now loaded: 0)
System memory in use before: 165.8 MB.
System memory in use after: 161.9 MB.

Unloading 62 unused Assets to reduce memory usage. Loaded Objects now: 3986.
Total: 7.313500 ms (FindLiveObjects: 1.177300 ms CreateObjectMapping: 0.681200 ms MarkObjects: 3.301700 ms  DeleteObjects: 2.149500 ms)

========================================================================
Received Import Request.
  Time since last request: 1361.409645 seconds.
  path: Assets/Graphics/Textures/UI/Police
  artifactKey: Guid(d0f35e1650adedf4dba5a2044edf033b) Importer(815301076,1909f56bfc062723c751e8b465ee728b)
Start importing Assets/Graphics/Textures/UI/Police using Guid(d0f35e1650adedf4dba5a2044edf033b) Importer(815301076,1909f56bfc062723c751e8b465ee728b)  -> (artifact id: '9f83e80e6198d73b648a1dbc25d1f161') in 0.015125 seconds
  Import took 0.021714 seconds .

========================================================================
Received Import Request.
  Time since last request: 0.039072 seconds.
  path: Assets/Graphics/Textures/UI/Police/BarOutLine.png
  artifactKey: Guid(63c038d2666a1004e9a37b9b232fe91d) Importer(815301076,1909f56bfc062723c751e8b465ee728b)
Start importing Assets/Graphics/Textures/UI/Police/BarOutLine.png using Guid(63c038d2666a1004e9a37b9b232fe91d) Importer(815301076,1909f56bfc062723c751e8b465ee728b)  -> (artifact id: '7fca85a0b88bfedd3d7ca3581d030295') in 0.038483 seconds
  Import took 0.043702 seconds .

========================================================================
Received Import Request.
  Time since last request: 4.572064 seconds.
  path: Assets/Graphics/Textures/UI/Police/BarOutLine.png
  artifactKey: Guid(63c038d2666a1004e9a37b9b232fe91d) Importer(815301076,1909f56bfc062723c751e8b465ee728b)
Start importing Assets/Graphics/Textures/UI/Police/BarOutLine.png using Guid(63c038d2666a1004e9a37b9b232fe91d) Importer(815301076,1909f56bfc062723c751e8b465ee728b)  -> (artifact id: '27f70ed543af84c28f09c967fef1caf6') in 0.054409 seconds
  Import took 0.061004 seconds .

========================================================================
Received Import Request.
  Time since last request: 15.491545 seconds.
  path: Assets/Graphics/Textures/UI/Police/BarOutLine.png
  artifactKey: Guid(63c038d2666a1004e9a37b9b232fe91d) Importer(815301076,1909f56bfc062723c751e8b465ee728b)
Start importing Assets/Graphics/Textures/UI/Police/BarOutLine.png using Guid(63c038d2666a1004e9a37b9b232fe91d) Importer(815301076,1909f56bfc062723c751e8b465ee728b)  -> (artifact id: '63e2f4aa4f6fa730b73aa8b07e6be3f7') in 0.008792 seconds
  Import took 0.014938 seconds .

========================================================================
Received Import Request.
  Time since last request: 0.000407 seconds.
  path: Assets/Graphics/Textures/UI/Police/BarOutLine.png
  artifactKey: Guid(63c038d2666a1004e9a37b9b232fe91d) Importer(815301076,1909f56bfc062723c751e8b465ee728b)
Start importing Assets/Graphics/Textures/UI/Police/BarOutLine.png using Guid(63c038d2666a1004e9a37b9b232fe91d) Importer(815301076,1909f56bfc062723c751e8b465ee728b)  -> (artifact id: '63e2f4aa4f6fa730b73aa8b07e6be3f7') in 0.008559 seconds
  Import took 0.014071 seconds .

========================================================================
Received Import Request.
  Time since last request: 770.355772 seconds.
  path: Assets/Graphics/Textures/UI/UImask.png
  artifactKey: Guid(6b7a8af54dee39d4fabda4b5a70e33e9) Importer(815301076,1909f56bfc062723c751e8b465ee728b)
Start importing Assets/Graphics/Textures/UI/UImask.png using Guid(6b7a8af54dee39d4fabda4b5a70e33e9) Importer(815301076,1909f56bfc062723c751e8b465ee728b)  -> (artifact id: '7f26cf6ec718e97272a3674455d30066') in 0.014028 seconds
  Import took 0.020668 seconds .

========================================================================
Received Import Request.
  Time since last request: 28.983947 seconds.
  path: Assets/Graphics/Textures/UI/UImask.png
  artifactKey: Guid(6b7a8af54dee39d4fabda4b5a70e33e9) Importer(815301076,1909f56bfc062723c751e8b465ee728b)
Start importing Assets/Graphics/Textures/UI/UImask.png using Guid(6b7a8af54dee39d4fabda4b5a70e33e9) Importer(815301076,1909f56bfc062723c751e8b465ee728b)  -> (artifact id: 'c133a59421c8d44793b757fa9873c4bb') in 0.015700 seconds
  Import took 0.022664 seconds .

========================================================================
Received Prepare
Registering precompiled user dll's ...
Registered in 0.002327 seconds.
Begin MonoManager ReloadAssembly
Native extension for WindowsStandalone target not found
Refreshing native plugins compatible for Editor in 0.74 ms, found 1 plugins.
Preloading 0 native plugins for Editor in 0.00 ms.
Warning: Annotation not found!
UnityEngine.StackTraceUtility:ExtractStackTrace ()
UnityEditor.ProBuilder.EditorUtility:SetGizmoIconEnabled (System.Type,bool) (at Library/PackageCache/com.unity.probuilder@4.5.0/Editor/EditorCore/EditorUtility.cs:593)
UnityEditor.ProBuilder.HierarchyListener:.cctor () (at Library/PackageCache/com.unity.probuilder@4.5.0/Editor/EditorCore/HierarchyListener.cs:21)
System.Runtime.CompilerServices.RuntimeHelpers:RunClassConstructor (System.RuntimeTypeHandle)
UnityEditor.EditorAssemblies:ProcessInitializeOnLoadAttributes (System.Type[])

[Library/PackageCache/com.unity.probuilder@4.5.0/Editor/EditorCore/EditorUtility.cs line 593]

Mono: successfully reloaded assembly
- Completed reload, in  1.143 seconds
Platform modules already initialized, skipping
Shader 'Universal Render Pipeline/Particles/Lit': fallback shader 'Universal Render Pipeline/Particles/SimpleLit' not found
Shader 'Universal Render Pipeline/Particles/Lit': fallback shader 'Universal Render Pipeline/Particles/SimpleLit' not found
Refreshing native plugins compatible for Editor in 0.77 ms, found 1 plugins.
Preloading 0 native plugins for Editor in 0.00 ms.
Unloading 3251 Unused Serialized files (Serialized files now loaded: 0)
System memory in use before: 165.8 MB.
System memory in use after: 161.9 MB.

Unloading 62 unused Assets to reduce memory usage. Loaded Objects now: 3993.
Total: 9.326900 ms (FindLiveObjects: 0.606300 ms CreateObjectMapping: 0.701200 ms MarkObjects: 4.149800 ms  DeleteObjects: 3.867500 ms)

========================================================================
Received Prepare
Registering precompiled user dll's ...
Registered in 0.002439 seconds.
Begin MonoManager ReloadAssembly
Native extension for WindowsStandalone target not found
Refreshing native plugins compatible for Editor in 0.64 ms, found 1 plugins.
Preloading 0 native plugins for Editor in 0.00 ms.
Warning: Annotation not found!
UnityEngine.StackTraceUtility:ExtractStackTrace ()
UnityEditor.ProBuilder.EditorUtility:SetGizmoIconEnabled (System.Type,bool) (at Library/PackageCache/com.unity.probuilder@4.5.0/Editor/EditorCore/EditorUtility.cs:593)
UnityEditor.ProBuilder.HierarchyListener:.cctor () (at Library/PackageCache/com.unity.probuilder@4.5.0/Editor/EditorCore/HierarchyListener.cs:21)
System.Runtime.CompilerServices.RuntimeHelpers:RunClassConstructor (System.RuntimeTypeHandle)
UnityEditor.EditorAssemblies:ProcessInitializeOnLoadAttributes (System.Type[])

[Library/PackageCache/com.unity.probuilder@4.5.0/Editor/EditorCore/EditorUtility.cs line 593]

Mono: successfully reloaded assembly
- Completed reload, in  0.976 seconds
Platform modules already initialized, skipping
Shader 'Universal Render Pipeline/Particles/Lit': fallback shader 'Universal Render Pipeline/Particles/SimpleLit' not found
Shader 'Universal Render Pipeline/Particles/Lit': fallback shader 'Universal Render Pipeline/Particles/SimpleLit' not found
Refreshing native plugins compatible for Editor in 0.76 ms, found 1 plugins.
Preloading 0 native plugins for Editor in 0.00 ms.
Unloading 3251 Unused Serialized files (Serialized files now loaded: 0)
System memory in use before: 165.9 MB.
System memory in use after: 161.9 MB.

Unloading 62 unused Assets to reduce memory usage. Loaded Objects now: 3996.
Total: 6.715600 ms (FindLiveObjects: 0.650100 ms CreateObjectMapping: 0.333400 ms MarkObjects: 2.932800 ms  DeleteObjects: 2.797400 ms)

========================================================================
Received Prepare
Registering precompiled user dll's ...
Registered in 0.001687 seconds.
Begin MonoManager ReloadAssembly
Native extension for WindowsStandalone target not found
Refreshing native plugins compatible for Editor in 1.14 ms, found 1 plugins.
Preloading 0 native plugins for Editor in 0.00 ms.
Warning: Annotation not found!
UnityEngine.StackTraceUtility:ExtractStackTrace ()
UnityEditor.ProBuilder.EditorUtility:SetGizmoIconEnabled (System.Type,bool) (at Library/PackageCache/com.unity.probuilder@4.5.0/Editor/EditorCore/EditorUtility.cs:593)
UnityEditor.ProBuilder.HierarchyListener:.cctor () (at Library/PackageCache/com.unity.probuilder@4.5.0/Editor/EditorCore/HierarchyListener.cs:21)
System.Runtime.CompilerServices.RuntimeHelpers:RunClassConstructor (System.RuntimeTypeHandle)
UnityEditor.EditorAssemblies:ProcessInitializeOnLoadAttributes (System.Type[])

[Library/PackageCache/com.unity.probuilder@4.5.0/Editor/EditorCore/EditorUtility.cs line 593]

Mono: successfully reloaded assembly
- Completed reload, in  1.029 seconds
Platform modules already initialized, skipping
Shader 'Universal Render Pipeline/Particles/Lit': fallback shader 'Universal Render Pipeline/Particles/SimpleLit' not found
Shader 'Universal Render Pipeline/Particles/Lit': fallback shader 'Universal Render Pipeline/Particles/SimpleLit' not found
Refreshing native plugins compatible for Editor in 0.75 ms, found 1 plugins.
Preloading 0 native plugins for Editor in 0.00 ms.
Unloading 3251 Unused Serialized files (Serialized files now loaded: 0)
System memory in use before: 165.9 MB.
System memory in use after: 161.9 MB.

Unloading 62 unused Assets to reduce memory usage. Loaded Objects now: 3999.
Total: 6.018600 ms (FindLiveObjects: 0.481400 ms CreateObjectMapping: 0.217100 ms MarkObjects: 3.013400 ms  DeleteObjects: 2.304900 ms)

========================================================================
Received Import Request.
  Time since last request: 600.898039 seconds.
  path: Assets/Graphics/Textures/UI/Icons
  artifactKey: Guid(f693b4e85a332034ea70c1fc2e461509) Importer(815301076,1909f56bfc062723c751e8b465ee728b)
Start importing Assets/Graphics/Textures/UI/Icons using Guid(f693b4e85a332034ea70c1fc2e461509) Importer(815301076,1909f56bfc062723c751e8b465ee728b)  -> (artifact id: '824c9a9a29b4696778750882c78fcf0a') in 0.012307 seconds
  Import took 0.018926 seconds .

========================================================================
Received Import Request.
  Time since last request: 0.000608 seconds.
  path: Assets/Graphics/Textures/UI/Icons
  artifactKey: Guid(f693b4e85a332034ea70c1fc2e461509) Importer(815301076,1909f56bfc062723c751e8b465ee728b)
Start importing Assets/Graphics/Textures/UI/Icons using Guid(f693b4e85a332034ea70c1fc2e461509) Importer(815301076,1909f56bfc062723c751e8b465ee728b)  -> (artifact id: '824c9a9a29b4696778750882c78fcf0a') in 0.002629 seconds
  Import took 0.008070 seconds .

========================================================================
Received Import Request.
  Time since last request: 0.034926 seconds.
  path: Assets/Graphics/Textures/UI/Icons/Money.png
  artifactKey: Guid(caf57a0d5f02d3f45bcddacd069544c2) Importer(815301076,1909f56bfc062723c751e8b465ee728b)
Start importing Assets/Graphics/Textures/UI/Icons/Money.png using Guid(caf57a0d5f02d3f45bcddacd069544c2) Importer(815301076,1909f56bfc062723c751e8b465ee728b)  -> (artifact id: '0479a4647a9c08571b16778c0042f35a') in 0.040727 seconds
  Import took 0.046846 seconds .

========================================================================
Received Import Request.
  Time since last request: 18.412549 seconds.
  path: Assets/Graphics/Textures/UI/Icons/Money.png
  artifactKey: Guid(caf57a0d5f02d3f45bcddacd069544c2) Importer(815301076,1909f56bfc062723c751e8b465ee728b)
Start importing Assets/Graphics/Textures/UI/Icons/Money.png using Guid(caf57a0d5f02d3f45bcddacd069544c2) Importer(815301076,1909f56bfc062723c751e8b465ee728b)  -> (artifact id: 'b24d8c03048145e83bff1598853ac05c') in 0.023793 seconds
  Import took 0.028754 seconds .

========================================================================
Received Import Request.
  Time since last request: 8.568107 seconds.
  path: Assets/Graphics/Textures/UI/Icons/Money.png
  artifactKey: Guid(caf57a0d5f02d3f45bcddacd069544c2) Importer(815301076,1909f56bfc062723c751e8b465ee728b)
Start importing Assets/Graphics/Textures/UI/Icons/Money.png using Guid(caf57a0d5f02d3f45bcddacd069544c2) Importer(815301076,1909f56bfc062723c751e8b465ee728b)  -> (artifact id: 'fee87ffebc1a6c5a3dbfd780f0c5f1ff') in 0.008208 seconds
  Import took 0.014358 seconds .

========================================================================
Received Import Request.
  Time since last request: 6.168272 seconds.
  path: Assets/Graphics/Textures/UI/UImask.png
  artifactKey: Guid(6b7a8af54dee39d4fabda4b5a70e33e9) Importer(815301076,1909f56bfc062723c751e8b465ee728b)
Start importing Assets/Graphics/Textures/UI/UImask.png using Guid(6b7a8af54dee39d4fabda4b5a70e33e9) Importer(815301076,1909f56bfc062723c751e8b465ee728b)  -> (artifact id: 'c4af539aebc3d0be3d184e62391539c5') in 0.014167 seconds
  Import took 0.019457 seconds .

========================================================================
Received Import Request.
  Time since last request: 253.757069 seconds.
  path: Assets/Graphics/Textures/UI/Icons/Speed.png
  artifactKey: Guid(e34b7ed9be63dda41933c866c592475f) Importer(815301076,1909f56bfc062723c751e8b465ee728b)
Start importing Assets/Graphics/Textures/UI/Icons/Speed.png using Guid(e34b7ed9be63dda41933c866c592475f) Importer(815301076,1909f56bfc062723c751e8b465ee728b)  -> (artifact id: '80e7ef533af1d885fea3d6cbe907393c') in 0.013473 seconds
  Import took 0.019468 seconds .

========================================================================
Received Import Request.
  Time since last request: 15.510166 seconds.
  path: Assets/Graphics/Textures/UI/Icons/Speed.png
  artifactKey: Guid(e34b7ed9be63dda41933c866c592475f) Importer(815301076,1909f56bfc062723c751e8b465ee728b)
Start importing Assets/Graphics/Textures/UI/Icons/Speed.png using Guid(e34b7ed9be63dda41933c866c592475f) Importer(815301076,1909f56bfc062723c751e8b465ee728b)  -> (artifact id: '0a4a723b59cff182a397eb56b4ee9a1c') in 0.011671 seconds
  Import took 0.017463 seconds .

========================================================================
Received Import Request.
  Time since last request: 8.984534 seconds.
  path: Assets/Graphics/Textures/UI/Icons/Speed.png
  artifactKey: Guid(e34b7ed9be63dda41933c866c592475f) Importer(815301076,1909f56bfc062723c751e8b465ee728b)
Start importing Assets/Graphics/Textures/UI/Icons/Speed.png using Guid(e34b7ed9be63dda41933c866c592475f) Importer(815301076,1909f56bfc062723c751e8b465ee728b)  -> (artifact id: 'f5ccc48bbd4d7bfa4507ec08eab96e80') in 0.013646 seconds
  Import took 0.019092 seconds .

========================================================================
Received Import Request.
  Time since last request: 146.237879 seconds.
  path: Assets/Graphics/Textures/UI/Icons/Time.png
  artifactKey: Guid(619a8cd0b863d6f40a62f510c37365b5) Importer(815301076,1909f56bfc062723c751e8b465ee728b)
Start importing Assets/Graphics/Textures/UI/Icons/Time.png using Guid(619a8cd0b863d6f40a62f510c37365b5) Importer(815301076,1909f56bfc062723c751e8b465ee728b)  -> (artifact id: '82a265941dd7c6df79d3fe702e0a6885') in 0.022289 seconds
  Import took 0.032622 seconds .

========================================================================
Received Import Request.
  Time since last request: 6.439143 seconds.
  path: Assets/Graphics/Textures/UI/Icons/Time.png
  artifactKey: Guid(619a8cd0b863d6f40a62f510c37365b5) Importer(815301076,1909f56bfc062723c751e8b465ee728b)
Start importing Assets/Graphics/Textures/UI/Icons/Time.png using Guid(619a8cd0b863d6f40a62f510c37365b5) Importer(815301076,1909f56bfc062723c751e8b465ee728b)  -> (artifact id: '1e5625ca8764b280c1efaf0e7d677ebc') in 0.016252 seconds
  Import took 0.022816 seconds .

========================================================================
Received Import Request.
  Time since last request: 114.189124 seconds.
  path: Assets/Scripts/UI/Telemetry.cs
  artifactKey: Guid(6955c47cbe21a074fa7dddc20640911e) Importer(815301076,1909f56bfc062723c751e8b465ee728b)
Start importing Assets/Scripts/UI/Telemetry.cs using Guid(6955c47cbe21a074fa7dddc20640911e) Importer(815301076,1909f56bfc062723c751e8b465ee728b)  -> (artifact id: '8711b868403e4bba55dafe9885ed10d3') in 0.008662 seconds
  Import took 0.018369 seconds .

========================================================================
Received Prepare
Registering precompiled user dll's ...
Registered in 0.004216 seconds.
Begin MonoManager ReloadAssembly
Native extension for WindowsStandalone target not found
Refreshing native plugins compatible for Editor in 1.17 ms, found 1 plugins.
Preloading 0 native plugins for Editor in 0.00 ms.
Warning: Annotation not found!
UnityEngine.StackTraceUtility:ExtractStackTrace ()
UnityEditor.ProBuilder.EditorUtility:SetGizmoIconEnabled (System.Type,bool) (at Library/PackageCache/com.unity.probuilder@4.5.0/Editor/EditorCore/EditorUtility.cs:593)
UnityEditor.ProBuilder.HierarchyListener:.cctor () (at Library/PackageCache/com.unity.probuilder@4.5.0/Editor/EditorCore/HierarchyListener.cs:21)
System.Runtime.CompilerServices.RuntimeHelpers:RunClassConstructor (System.RuntimeTypeHandle)
UnityEditor.EditorAssemblies:ProcessInitializeOnLoadAttributes (System.Type[])

[Library/PackageCache/com.unity.probuilder@4.5.0/Editor/EditorCore/EditorUtility.cs line 593]

Mono: successfully reloaded assembly
- Completed reload, in  1.197 seconds
Platform modules already initialized, skipping
Shader 'Universal Render Pipeline/Particles/Lit': fallback shader 'Universal Render Pipeline/Particles/SimpleLit' not found
Shader 'Universal Render Pipeline/Particles/Lit': fallback shader 'Universal Render Pipeline/Particles/SimpleLit' not found
Refreshing native plugins compatible for Editor in 0.60 ms, found 1 plugins.
Preloading 0 native plugins for Editor in 0.00 ms.
Unloading 3252 Unused Serialized files (Serialized files now loaded: 0)
System memory in use before: 165.9 MB.
System memory in use after: 162.0 MB.

Unloading 62 unused Assets to reduce memory usage. Loaded Objects now: 4006.
Total: 4.299900 ms (FindLiveObjects: 0.303400 ms CreateObjectMapping: 0.159200 ms MarkObjects: 1.998500 ms  DeleteObjects: 1.837500 ms)

========================================================================
Received Prepare
Registering precompiled user dll's ...
Registered in 0.002191 seconds.
Begin MonoManager ReloadAssembly
Native extension for WindowsStandalone target not found
Refreshing native plugins compatible for Editor in 0.68 ms, found 1 plugins.
Preloading 0 native plugins for Editor in 0.00 ms.
Warning: Annotation not found!
UnityEngine.StackTraceUtility:ExtractStackTrace ()
UnityEditor.ProBuilder.EditorUtility:SetGizmoIconEnabled (System.Type,bool) (at Library/PackageCache/com.unity.probuilder@4.5.0/Editor/EditorCore/EditorUtility.cs:593)
UnityEditor.ProBuilder.HierarchyListener:.cctor () (at Library/PackageCache/com.unity.probuilder@4.5.0/Editor/EditorCore/HierarchyListener.cs:21)
System.Runtime.CompilerServices.RuntimeHelpers:RunClassConstructor (System.RuntimeTypeHandle)
UnityEditor.EditorAssemblies:ProcessInitializeOnLoadAttributes (System.Type[])

[Library/PackageCache/com.unity.probuilder@4.5.0/Editor/EditorCore/EditorUtility.cs line 593]

Mono: successfully reloaded assembly
- Completed reload, in  0.914 seconds
Platform modules already initialized, skipping
Shader 'Universal Render Pipeline/Particles/Lit': fallback shader 'Universal Render Pipeline/Particles/SimpleLit' not found
Shader 'Universal Render Pipeline/Particles/Lit': fallback shader 'Universal Render Pipeline/Particles/SimpleLit' not found
Refreshing native plugins compatible for Editor in 0.57 ms, found 1 plugins.
Preloading 0 native plugins for Editor in 0.00 ms.
Unloading 3252 Unused Serialized files (Serialized files now loaded: 0)
System memory in use before: 165.8 MB.
System memory in use after: 162.0 MB.

Unloading 62 unused Assets to reduce memory usage. Loaded Objects now: 4009.
Total: 5.166700 ms (FindLiveObjects: 0.361100 ms CreateObjectMapping: 0.205300 ms MarkObjects: 2.572500 ms  DeleteObjects: 2.025900 ms)

========================================================================
Received Prepare
Registering precompiled user dll's ...
Registered in 0.001714 seconds.
Begin MonoManager ReloadAssembly
Native extension for WindowsStandalone target not found
Refreshing native plugins compatible for Editor in 0.61 ms, found 1 plugins.
Preloading 0 native plugins for Editor in 0.00 ms.
Warning: Annotation not found!
UnityEngine.StackTraceUtility:ExtractStackTrace ()
UnityEditor.ProBuilder.EditorUtility:SetGizmoIconEnabled (System.Type,bool) (at Library/PackageCache/com.unity.probuilder@4.5.0/Editor/EditorCore/EditorUtility.cs:593)
UnityEditor.ProBuilder.HierarchyListener:.cctor () (at Library/PackageCache/com.unity.probuilder@4.5.0/Editor/EditorCore/HierarchyListener.cs:21)
System.Runtime.CompilerServices.RuntimeHelpers:RunClassConstructor (System.RuntimeTypeHandle)
UnityEditor.EditorAssemblies:ProcessInitializeOnLoadAttributes (System.Type[])

[Library/PackageCache/com.unity.probuilder@4.5.0/Editor/EditorCore/EditorUtility.cs line 593]

Mono: successfully reloaded assembly
- Completed reload, in  0.890 seconds
Platform modules already initialized, skipping
Shader 'Universal Render Pipeline/Particles/Lit': fallback shader 'Universal Render Pipeline/Particles/SimpleLit' not found
Shader 'Universal Render Pipeline/Particles/Lit': fallback shader 'Universal Render Pipeline/Particles/SimpleLit' not found
Refreshing native plugins compatible for Editor in 0.60 ms, found 1 plugins.
Preloading 0 native plugins for Editor in 0.00 ms.
Unloading 3252 Unused Serialized files (Serialized files now loaded: 0)
System memory in use before: 165.9 MB.
System memory in use after: 162.0 MB.

Unloading 62 unused Assets to reduce memory usage. Loaded Objects now: 4012.
Total: 12.273900 ms (FindLiveObjects: 1.148700 ms CreateObjectMapping: 0.279000 ms MarkObjects: 8.840600 ms  DeleteObjects: 2.004300 ms)

========================================================================
Received Prepare
Registering precompiled user dll's ...
Registered in 0.001702 seconds.
Begin MonoManager ReloadAssembly
Native extension for WindowsStandalone target not found
Refreshing native plugins compatible for Editor in 0.85 ms, found 1 plugins.
Preloading 0 native plugins for Editor in 0.00 ms.
Warning: Annotation not found!
UnityEngine.StackTraceUtility:ExtractStackTrace ()
UnityEditor.ProBuilder.EditorUtility:SetGizmoIconEnabled (System.Type,bool) (at Library/PackageCache/com.unity.probuilder@4.5.0/Editor/EditorCore/EditorUtility.cs:593)
UnityEditor.ProBuilder.HierarchyListener:.cctor () (at Library/PackageCache/com.unity.probuilder@4.5.0/Editor/EditorCore/HierarchyListener.cs:21)
System.Runtime.CompilerServices.RuntimeHelpers:RunClassConstructor (System.RuntimeTypeHandle)
UnityEditor.EditorAssemblies:ProcessInitializeOnLoadAttributes (System.Type[])

[Library/PackageCache/com.unity.probuilder@4.5.0/Editor/EditorCore/EditorUtility.cs line 593]

Mono: successfully reloaded assembly
- Completed reload, in  1.021 seconds
Platform modules already initialized, skipping
Shader 'Universal Render Pipeline/Particles/Lit': fallback shader 'Universal Render Pipeline/Particles/SimpleLit' not found
Shader 'Universal Render Pipeline/Particles/Lit': fallback shader 'Universal Render Pipeline/Particles/SimpleLit' not found
Refreshing native plugins compatible for Editor in 0.56 ms, found 1 plugins.
Preloading 0 native plugins for Editor in 0.00 ms.
Unloading 3252 Unused Serialized files (Serialized files now loaded: 0)
System memory in use before: 165.9 MB.
System memory in use after: 162.0 MB.

Unloading 62 unused Assets to reduce memory usage. Loaded Objects now: 4015.
Total: 5.746400 ms (FindLiveObjects: 0.552800 ms CreateObjectMapping: 0.245300 ms MarkObjects: 2.592100 ms  DeleteObjects: 2.354700 ms)

========================================================================
Received Prepare
Registering precompiled user dll's ...
Registered in 0.001716 seconds.
Begin MonoManager ReloadAssembly
Native extension for WindowsStandalone target not found
Refreshing native plugins compatible for Editor in 0.87 ms, found 1 plugins.
Preloading 0 native plugins for Editor in 0.00 ms.
Warning: Annotation not found!
UnityEngine.StackTraceUtility:ExtractStackTrace ()
UnityEditor.ProBuilder.EditorUtility:SetGizmoIconEnabled (System.Type,bool) (at Library/PackageCache/com.unity.probuilder@4.5.0/Editor/EditorCore/EditorUtility.cs:593)
UnityEditor.ProBuilder.HierarchyListener:.cctor () (at Library/PackageCache/com.unity.probuilder@4.5.0/Editor/EditorCore/HierarchyListener.cs:21)
System.Runtime.CompilerServices.RuntimeHelpers:RunClassConstructor (System.RuntimeTypeHandle)
UnityEditor.EditorAssemblies:ProcessInitializeOnLoadAttributes (System.Type[])

[Library/PackageCache/com.unity.probuilder@4.5.0/Editor/EditorCore/EditorUtility.cs line 593]

Mono: successfully reloaded assembly
- Completed reload, in  0.938 seconds
Platform modules already initialized, skipping
Shader 'Universal Render Pipeline/Particles/Lit': fallback shader 'Universal Render Pipeline/Particles/SimpleLit' not found
Shader 'Universal Render Pipeline/Particles/Lit': fallback shader 'Universal Render Pipeline/Particles/SimpleLit' not found
Refreshing native plugins compatible for Editor in 0.60 ms, found 1 plugins.
Preloading 0 native plugins for Editor in 0.00 ms.
Unloading 3252 Unused Serialized files (Serialized files now loaded: 0)
System memory in use before: 165.9 MB.
System memory in use after: 162.0 MB.

Unloading 62 unused Assets to reduce memory usage. Loaded Objects now: 4018.
Total: 4.581400 ms (FindLiveObjects: 0.352400 ms CreateObjectMapping: 0.220100 ms MarkObjects: 1.983400 ms  DeleteObjects: 2.024100 ms)

========================================================================
Received Prepare
Registering precompiled user dll's ...
Registered in 0.001672 seconds.
Begin MonoManager ReloadAssembly
Native extension for WindowsStandalone target not found
Refreshing native plugins compatible for Editor in 1.23 ms, found 1 plugins.
Preloading 0 native plugins for Editor in 0.00 ms.
Warning: Annotation not found!
UnityEngine.StackTraceUtility:ExtractStackTrace ()
UnityEditor.ProBuilder.EditorUtility:SetGizmoIconEnabled (System.Type,bool) (at Library/PackageCache/com.unity.probuilder@4.5.0/Editor/EditorCore/EditorUtility.cs:593)
UnityEditor.ProBuilder.HierarchyListener:.cctor () (at Library/PackageCache/com.unity.probuilder@4.5.0/Editor/EditorCore/HierarchyListener.cs:21)
System.Runtime.CompilerServices.RuntimeHelpers:RunClassConstructor (System.RuntimeTypeHandle)
UnityEditor.EditorAssemblies:ProcessInitializeOnLoadAttributes (System.Type[])

[Library/PackageCache/com.unity.probuilder@4.5.0/Editor/EditorCore/EditorUtility.cs line 593]

Mono: successfully reloaded assembly
- Completed reload, in  1.232 seconds
Platform modules already initialized, skipping
Shader 'Universal Render Pipeline/Particles/Lit': fallback shader 'Universal Render Pipeline/Particles/SimpleLit' not found
Shader 'Universal Render Pipeline/Particles/Lit': fallback shader 'Universal Render Pipeline/Particles/SimpleLit' not found
Refreshing native plugins compatible for Editor in 0.63 ms, found 1 plugins.
Preloading 0 native plugins for Editor in 0.00 ms.
Unloading 3252 Unused Serialized files (Serialized files now loaded: 0)
System memory in use before: 165.9 MB.
System memory in use after: 162.0 MB.

Unloading 62 unused Assets to reduce memory usage. Loaded Objects now: 4021.
Total: 6.384000 ms (FindLiveObjects: 0.361200 ms CreateObjectMapping: 0.223700 ms MarkObjects: 3.390300 ms  DeleteObjects: 2.407400 ms)

========================================================================
Received Prepare
Registering precompiled user dll's ...
Registered in 0.002512 seconds.
Begin MonoManager ReloadAssembly
Native extension for WindowsStandalone target not found
Refreshing native plugins compatible for Editor in 0.69 ms, found 1 plugins.
Preloading 0 native plugins for Editor in 0.00 ms.
Warning: Annotation not found!
UnityEngine.StackTraceUtility:ExtractStackTrace ()
UnityEditor.ProBuilder.EditorUtility:SetGizmoIconEnabled (System.Type,bool) (at Library/PackageCache/com.unity.probuilder@4.5.0/Editor/EditorCore/EditorUtility.cs:593)
UnityEditor.ProBuilder.HierarchyListener:.cctor () (at Library/PackageCache/com.unity.probuilder@4.5.0/Editor/EditorCore/HierarchyListener.cs:21)
System.Runtime.CompilerServices.RuntimeHelpers:RunClassConstructor (System.RuntimeTypeHandle)
UnityEditor.EditorAssemblies:ProcessInitializeOnLoadAttributes (System.Type[])

[Library/PackageCache/com.unity.probuilder@4.5.0/Editor/EditorCore/EditorUtility.cs line 593]

Mono: successfully reloaded assembly
- Completed reload, in  1.027 seconds
Platform modules already initialized, skipping
Shader 'Universal Render Pipeline/Particles/Lit': fallback shader 'Universal Render Pipeline/Particles/SimpleLit' not found
Shader 'Universal Render Pipeline/Particles/Lit': fallback shader 'Universal Render Pipeline/Particles/SimpleLit' not found
Refreshing native plugins compatible for Editor in 0.69 ms, found 1 plugins.
Preloading 0 native plugins for Editor in 0.00 ms.
Unloading 3252 Unused Serialized files (Serialized files now loaded: 0)
System memory in use before: 165.9 MB.
System memory in use after: 162.0 MB.

Unloading 62 unused Assets to reduce memory usage. Loaded Objects now: 4024.
Total: 8.949300 ms (FindLiveObjects: 0.615400 ms CreateObjectMapping: 0.395400 ms MarkObjects: 4.541000 ms  DeleteObjects: 3.395800 ms)

========================================================================
Received Prepare
Registering precompiled user dll's ...
Registered in 0.001718 seconds.
Begin MonoManager ReloadAssembly
Native extension for WindowsStandalone target not found
Refreshing native plugins compatible for Editor in 0.85 ms, found 1 plugins.
Preloading 0 native plugins for Editor in 0.00 ms.
Warning: Annotation not found!
UnityEngine.StackTraceUtility:ExtractStackTrace ()
UnityEditor.ProBuilder.EditorUtility:SetGizmoIconEnabled (System.Type,bool) (at Library/PackageCache/com.unity.probuilder@4.5.0/Editor/EditorCore/EditorUtility.cs:593)
UnityEditor.ProBuilder.HierarchyListener:.cctor () (at Library/PackageCache/com.unity.probuilder@4.5.0/Editor/EditorCore/HierarchyListener.cs:21)
System.Runtime.CompilerServices.RuntimeHelpers:RunClassConstructor (System.RuntimeTypeHandle)
UnityEditor.EditorAssemblies:ProcessInitializeOnLoadAttributes (System.Type[])

[Library/PackageCache/com.unity.probuilder@4.5.0/Editor/EditorCore/EditorUtility.cs line 593]

Mono: successfully reloaded assembly
- Completed reload, in  0.913 seconds
Platform modules already initialized, skipping
Shader 'Universal Render Pipeline/Particles/Lit': fallback shader 'Universal Render Pipeline/Particles/SimpleLit' not found
Shader 'Universal Render Pipeline/Particles/Lit': fallback shader 'Universal Render Pipeline/Particles/SimpleLit' not found
Refreshing native plugins compatible for Editor in 0.60 ms, found 1 plugins.
Preloading 0 native plugins for Editor in 0.00 ms.
Unloading 3252 Unused Serialized files (Serialized files now loaded: 0)
System memory in use before: 165.9 MB.
System memory in use after: 162.0 MB.

Unloading 62 unused Assets to reduce memory usage. Loaded Objects now: 4027.
Total: 4.711700 ms (FindLiveObjects: 0.335700 ms CreateObjectMapping: 0.180400 ms MarkObjects: 2.226700 ms  DeleteObjects: 1.967900 ms)

========================================================================
Received Prepare
Registering precompiled user dll's ...
Registered in 0.001730 seconds.
Begin MonoManager ReloadAssembly
Native extension for WindowsStandalone target not found
Refreshing native plugins compatible for Editor in 0.98 ms, found 1 plugins.
Preloading 0 native plugins for Editor in 0.00 ms.
Warning: Annotation not found!
UnityEngine.StackTraceUtility:ExtractStackTrace ()
UnityEditor.ProBuilder.EditorUtility:SetGizmoIconEnabled (System.Type,bool) (at Library/PackageCache/com.unity.probuilder@4.5.0/Editor/EditorCore/EditorUtility.cs:593)
UnityEditor.ProBuilder.HierarchyListener:.cctor () (at Library/PackageCache/com.unity.probuilder@4.5.0/Editor/EditorCore/HierarchyListener.cs:21)
System.Runtime.CompilerServices.RuntimeHelpers:RunClassConstructor (System.RuntimeTypeHandle)
UnityEditor.EditorAssemblies:ProcessInitializeOnLoadAttributes (System.Type[])

[Library/PackageCache/com.unity.probuilder@4.5.0/Editor/EditorCore/EditorUtility.cs line 593]

Mono: successfully reloaded assembly
- Completed reload, in  1.206 seconds
Platform modules already initialized, skipping
Shader 'Universal Render Pipeline/Particles/Lit': fallback shader 'Universal Render Pipeline/Particles/SimpleLit' not found
Shader 'Universal Render Pipeline/Particles/Lit': fallback shader 'Universal Render Pipeline/Particles/SimpleLit' not found
Refreshing native plugins compatible for Editor in 0.76 ms, found 1 plugins.
Preloading 0 native plugins for Editor in 0.00 ms.
Unloading 3252 Unused Serialized files (Serialized files now loaded: 0)
System memory in use before: 166.0 MB.
System memory in use after: 162.0 MB.

Unloading 62 unused Assets to reduce memory usage. Loaded Objects now: 4030.
Total: 6.373200 ms (FindLiveObjects: 0.466400 ms CreateObjectMapping: 0.233200 ms MarkObjects: 3.350700 ms  DeleteObjects: 2.321400 ms)

========================================================================
Received Prepare
Registering precompiled user dll's ...
Registered in 0.001740 seconds.
Begin MonoManager ReloadAssembly
Native extension for WindowsStandalone target not found
Refreshing native plugins compatible for Editor in 0.68 ms, found 1 plugins.
Preloading 0 native plugins for Editor in 0.00 ms.
Warning: Annotation not found!
UnityEngine.StackTraceUtility:ExtractStackTrace ()
UnityEditor.ProBuilder.EditorUtility:SetGizmoIconEnabled (System.Type,bool) (at Library/PackageCache/com.unity.probuilder@4.5.0/Editor/EditorCore/EditorUtility.cs:593)
UnityEditor.ProBuilder.HierarchyListener:.cctor () (at Library/PackageCache/com.unity.probuilder@4.5.0/Editor/EditorCore/HierarchyListener.cs:21)
System.Runtime.CompilerServices.RuntimeHelpers:RunClassConstructor (System.RuntimeTypeHandle)
UnityEditor.EditorAssemblies:ProcessInitializeOnLoadAttributes (System.Type[])

[Library/PackageCache/com.unity.probuilder@4.5.0/Editor/EditorCore/EditorUtility.cs line 593]

Mono: successfully reloaded assembly
- Completed reload, in  0.969 seconds
Platform modules already initialized, skipping
Shader 'Universal Render Pipeline/Particles/Lit': fallback shader 'Universal Render Pipeline/Particles/SimpleLit' not found
Shader 'Universal Render Pipeline/Particles/Lit': fallback shader 'Universal Render Pipeline/Particles/SimpleLit' not found
Refreshing native plugins compatible for Editor in 0.65 ms, found 1 plugins.
Preloading 0 native plugins for Editor in 0.00 ms.
Unloading 3252 Unused Serialized files (Serialized files now loaded: 0)
System memory in use before: 166.0 MB.
System memory in use after: 162.0 MB.

Unloading 62 unused Assets to reduce memory usage. Loaded Objects now: 4033.
Total: 5.222800 ms (FindLiveObjects: 0.439900 ms CreateObjectMapping: 0.208200 ms MarkObjects: 2.419800 ms  DeleteObjects: 2.152900 ms)

========================================================================
Received Prepare
Registering precompiled user dll's ...
Registered in 0.001913 seconds.
Begin MonoManager ReloadAssembly
Native extension for WindowsStandalone target not found
Refreshing native plugins compatible for Editor in 0.86 ms, found 1 plugins.
Preloading 0 native plugins for Editor in 0.00 ms.
Warning: Annotation not found!
UnityEngine.StackTraceUtility:ExtractStackTrace ()
UnityEditor.ProBuilder.EditorUtility:SetGizmoIconEnabled (System.Type,bool) (at Library/PackageCache/com.unity.probuilder@4.5.0/Editor/EditorCore/EditorUtility.cs:593)
UnityEditor.ProBuilder.HierarchyListener:.cctor () (at Library/PackageCache/com.unity.probuilder@4.5.0/Editor/EditorCore/HierarchyListener.cs:21)
System.Runtime.CompilerServices.RuntimeHelpers:RunClassConstructor (System.RuntimeTypeHandle)
UnityEditor.EditorAssemblies:ProcessInitializeOnLoadAttributes (System.Type[])

[Library/PackageCache/com.unity.probuilder@4.5.0/Editor/EditorCore/EditorUtility.cs line 593]

Mono: successfully reloaded assembly
- Completed reload, in  1.293 seconds
Platform modules already initialized, skipping
Shader 'Universal Render Pipeline/Particles/Lit': fallback shader 'Universal Render Pipeline/Particles/SimpleLit' not found
Shader 'Universal Render Pipeline/Particles/Lit': fallback shader 'Universal Render Pipeline/Particles/SimpleLit' not found
Refreshing native plugins compatible for Editor in 0.67 ms, found 1 plugins.
Preloading 0 native plugins for Editor in 0.00 ms.
Unloading 3252 Unused Serialized files (Serialized files now loaded: 0)
System memory in use before: 165.9 MB.
System memory in use after: 162.0 MB.

Unloading 62 unused Assets to reduce memory usage. Loaded Objects now: 4036.
Total: 8.714500 ms (FindLiveObjects: 0.637800 ms CreateObjectMapping: 0.380100 ms MarkObjects: 3.863400 ms  DeleteObjects: 3.831100 ms)

========================================================================
Received Prepare
Registering precompiled user dll's ...
Registered in 0.002608 seconds.
Begin MonoManager ReloadAssembly
Native extension for WindowsStandalone target not found
Refreshing native plugins compatible for Editor in 0.61 ms, found 1 plugins.
Preloading 0 native plugins for Editor in 0.00 ms.
Warning: Annotation not found!
UnityEngine.StackTraceUtility:ExtractStackTrace ()
UnityEditor.ProBuilder.EditorUtility:SetGizmoIconEnabled (System.Type,bool) (at Library/PackageCache/com.unity.probuilder@4.5.0/Editor/EditorCore/EditorUtility.cs:593)
UnityEditor.ProBuilder.HierarchyListener:.cctor () (at Library/PackageCache/com.unity.probuilder@4.5.0/Editor/EditorCore/HierarchyListener.cs:21)
System.Runtime.CompilerServices.RuntimeHelpers:RunClassConstructor (System.RuntimeTypeHandle)
UnityEditor.EditorAssemblies:ProcessInitializeOnLoadAttributes (System.Type[])

[Library/PackageCache/com.unity.probuilder@4.5.0/Editor/EditorCore/EditorUtility.cs line 593]

Mono: successfully reloaded assembly
- Completed reload, in  0.951 seconds
Platform modules already initialized, skipping
Shader 'Universal Render Pipeline/Particles/Lit': fallback shader 'Universal Render Pipeline/Particles/SimpleLit' not found
Shader 'Universal Render Pipeline/Particles/Lit': fallback shader 'Universal Render Pipeline/Particles/SimpleLit' not found
Refreshing native plugins compatible for Editor in 3.59 ms, found 1 plugins.
Preloading 0 native plugins for Editor in 0.00 ms.
Unloading 3252 Unused Serialized files (Serialized files now loaded: 0)
System memory in use before: 165.9 MB.
System memory in use after: 162.0 MB.

Unloading 62 unused Assets to reduce memory usage. Loaded Objects now: 4039.
Total: 26.642800 ms (FindLiveObjects: 1.685900 ms CreateObjectMapping: 0.471400 ms MarkObjects: 17.270000 ms  DeleteObjects: 7.213000 ms)

AssetImportWorkerClient::OnTransportError - code=2 error=End of file
